<?xml version="1.0" encoding="UTF-8"?>
<!-- Generated by org.testng.reporters.JUnitReportReporter -->
<testsuite hostname="LAPTOP-2TG6AQHM" failures="0" tests="1" name="org.parallel.execution.ParallelClass2" time="0.009" errors="0" timestamp="2022-04-06T18:49:57 IST" skipped="0">
  <testcase classname="org.parallel.execution.ParallelClass2" name="Test1" time="0.009"/>
  <system-out/>
</testsuite> <!-- org.parallel.execution.ParallelClass2 -->
