<?xml version="1.0" encoding="UTF-8"?>
<!-- Generated by org.testng.reporters.JUnitReportReporter -->
<testsuite hostname="LAPTOP-2TG6AQHM" failures="0" tests="1" name="org.test.projects.SampleProjectTest" time="0.005" errors="0" timestamp="2022-03-29T23:03:46 IST" skipped="0">
  <testcase classname="org.test.projects.SampleProjectTest" name="test1" time="0.005"/>
  <system-out/>
</testsuite> <!-- org.test.projects.SampleProjectTest -->
