<?xml version="1.0" encoding="UTF-8"?>
<!-- Generated by org.testng.reporters.JUnitReportReporter -->
<testsuite hostname="LAPTOP-2TG6AQHM" failures="0" tests="1" name="org.test.sampleprojects.SampleProject" time="0.012" errors="0" timestamp="2022-03-30T08:02:05 IST" skipped="0">
  <testcase classname="org.test.sampleprojects.SampleProject" name="test" time="0.012"/>
  <system-out/>
</testsuite> <!-- org.test.sampleprojects.SampleProject -->
