<?xml version="1.0" encoding="UTF-8"?>
<!-- Generated by org.testng.reporters.JUnitReportReporter -->
<testsuite hostname="LAPTOP-2TG6AQHM" failures="0" tests="12" name="org.parallel.execution.CrossTestAdactinHotel" time="35.125" errors="0" timestamp="2022-04-07T07:15:38 IST" skipped="0">
  <testcase classname="org.parallel.execution.CrossTestAdactinHotel" name="LoginPOM" time="2.463"/>
  <system-out/>
  <testcase classname="org.parallel.execution.CrossTestAdactinHotel" name="LoginPOM" time="2.901"/>
  <system-out/>
  <testcase classname="org.parallel.execution.CrossTestAdactinHotel" name="LoginPOM" time="2.297"/>
  <system-out/>
  <testcase classname="org.parallel.execution.CrossTestAdactinHotel" name="RoomBooking" time="0.878"/>
  <system-out/>
  <testcase classname="org.parallel.execution.CrossTestAdactinHotel" name="RoomBooking" time="1.388"/>
  <system-out/>
  <testcase classname="org.parallel.execution.CrossTestAdactinHotel" name="RoomBooking" time="1.479"/>
  <system-out/>
  <testcase classname="org.parallel.execution.CrossTestAdactinHotel" name="SelectHotel" time="0.773"/>
  <system-out/>
  <testcase classname="org.parallel.execution.CrossTestAdactinHotel" name="SelectHotel" time="0.827"/>
  <system-out/>
  <testcase classname="org.parallel.execution.CrossTestAdactinHotel" name="SelectHotel" time="0.909"/>
  <system-out/>
  <testcase classname="org.parallel.execution.CrossTestAdactinHotel" name="BookHotel" time="7.429"/>
  <system-out/>
  <testcase classname="org.parallel.execution.CrossTestAdactinHotel" name="BookHotel" time="6.774"/>
  <system-out/>
  <testcase classname="org.parallel.execution.CrossTestAdactinHotel" name="BookHotel" time="7.007"/>
  <system-out/>
</testsuite> <!-- org.parallel.execution.CrossTestAdactinHotel -->
