<?xml version="1.0" encoding="UTF-8"?>
<!-- Generated by org.testng.reporters.JUnitReportReporter -->
<testsuite hostname="LAPTOP-2TG6AQHM" failures="0" tests="3" name="org.flipcart.iphone.FlipCartiPhones" time="1.642" errors="0" timestamp="2022-04-20T22:08:39 IST" skipped="0">
  <testcase classname="org.flipcart.iphone.FlipCartiPhones" name="CloseWindowPOM" time="0.138"/>
  <system-out/>
  <testcase classname="org.flipcart.iphone.FlipCartiPhones" name="SearchPhonePOM" time="0.116"/>
  <system-out/>
  <testcase classname="org.flipcart.iphone.FlipCartiPhones" name="printiPhones" time="1.388"/>
  <system-out/>
</testsuite> <!-- org.flipcart.iphone.FlipCartiPhones -->
