<?xml version="1.0" encoding="UTF-8"?>
<!-- Generated by org.testng.reporters.JUnitReportReporter -->
<testsuite hostname="LAPTOP-2TG6AQHM" failures="0" tests="4" name="org.test.adactinhotel.booking.AdactinHotel" time="12.192" errors="0" timestamp="2022-04-20T18:50:39 IST" skipped="0">
  <testcase classname="org.test.adactinhotel.booking.AdactinHotel" name="LoginPOM" time="3.279"/>
  <system-out/>
  <testcase classname="org.test.adactinhotel.booking.AdactinHotel" name="RoomBooking" time="1.310"/>
  <system-out/>
  <testcase classname="org.test.adactinhotel.booking.AdactinHotel" name="SelectHotel" time="0.806"/>
  <system-out/>
  <testcase classname="org.test.adactinhotel.booking.AdactinHotel" name="BookHotel" time="6.797"/>
  <system-out/>
</testsuite> <!-- org.test.adactinhotel.booking.AdactinHotel -->
