<?xml version="1.0" encoding="UTF-8"?>
<!-- Generated by org.testng.reporters.JUnitReportReporter -->
<testsuite hostname="LAPTOP-2TG6AQHM" failures="0" tests="1" name="org.verify.adactin.VerifyAdactinHotel" time="5.382" errors="0" timestamp="2022-04-02T07:19:40 IST" skipped="0">
  <testcase classname="org.verify.adactin.VerifyAdactinHotel" name="LoginPOM" time="5.382"/>
  <system-out/>
</testsuite> <!-- org.verify.adactin.VerifyAdactinHotel -->
