<?xml version="1.0" encoding="UTF-8"?>
<!-- Generated by org.testng.reporters.JUnitReportReporter -->
<testsuite hostname="LAPTOP-2TG6AQHM" failures="0" tests="3" name="org.test.sampleprojects.AdactinHotel" time="2.877" errors="0" timestamp="2022-03-30T13:04:40 IST" skipped="0">
  <testcase classname="org.test.sampleprojects.AdactinHotel" name="test1" time="0.001"/>
  <system-out/>
  <testcase classname="org.test.sampleprojects.AdactinHotel" name="test2" time="0.001"/>
  <system-out/>
  <testcase classname="org.test.sampleprojects.AdactinHotel" name="LoginPOM" time="2.875"/>
  <system-out/>
</testsuite> <!-- org.test.sampleprojects.AdactinHotel -->
