<?xml version="1.0" encoding="UTF-8"?>
<!-- Generated by org.testng.reporters.JUnitReportReporter -->
<testsuite hostname="LAPTOP-2TG6AQHM" failures="0" tests="2" name="org.test.sampleprojects.SampleProjectTest" time="0.015" errors="0" timestamp="2022-03-30T08:20:55 IST" skipped="0">
  <testcase classname="org.test.sampleprojects.SampleProjectTest" name="test1" time="0.013"/>
  <system-out/>
  <testcase classname="org.test.sampleprojects.SampleProjectTest" name="test2" time="0.002"/>
  <system-out/>
</testsuite> <!-- org.test.sampleprojects.SampleProjectTest -->
