<?xml version="1.0" encoding="UTF-8"?>
<!-- Generated by org.testng.reporters.JUnitReportReporter -->
<testsuite hostname="LAPTOP-2TG6AQHM" failures="0" tests="4" name="org.parallel.execution.ParallelExecution" time="0.033" errors="0" timestamp="2022-04-06T18:49:57 IST" skipped="0">
  <testcase classname="org.parallel.execution.ParallelExecution" name="C" time="0.008"/>
  <system-out/>
  <testcase classname="org.parallel.execution.ParallelExecution" name="A" time="0.008"/>
  <system-out/>
  <testcase classname="org.parallel.execution.ParallelExecution" name="D" time="0.008"/>
  <system-out/>
  <testcase classname="org.parallel.execution.ParallelExecution" name="B" time="0.009"/>
  <system-out/>
</testsuite> <!-- org.parallel.execution.ParallelExecution -->
